Determining if the pthread_create exist failed with the following output:
Change Dir: /home/uwarl/UWARL_catkin_ws/src/robotnik_msgs/.obj-x86_64-linux-gnu/CMakeFiles/CMakeTmp

Run Build Command:"/usr/bin/make" "cmTC_a8ac2/fast"
make[2]: Entering directory '/home/uwarl/UWARL_catkin_ws/src/robotnik_msgs/.obj-x86_64-linux-gnu/CMakeFiles/CMakeTmp'
/usr/bin/make -f CMakeFiles/cmTC_a8ac2.dir/build.make CMakeFiles/cmTC_a8ac2.dir/build
make[3]: Entering directory '/home/uwarl/UWARL_catkin_ws/src/robotnik_msgs/.obj-x86_64-linux-gnu/CMakeFiles/CMakeTmp'
Building C object CMakeFiles/cmTC_a8ac2.dir/CheckSymbolExists.c.o
/usr/bin/cc   -g -O2 -fdebug-prefix-map=/home/uwarl/UWARL_catkin_ws/src/robotnik_msgs=. -fstack-protector-strong -Wformat -Werror=format-security -Wdate-time -D_FORTIFY_SOURCE=2    -o CMakeFiles/cmTC_a8ac2.dir/CheckSymbolExists.c.o   -c /home/uwarl/UWARL_catkin_ws/src/robotnik_msgs/.obj-x86_64-linux-gnu/CMakeFiles/CMakeTmp/CheckSymbolExists.c
Linking C executable cmTC_a8ac2
/usr/bin/cmake -E cmake_link_script CMakeFiles/cmTC_a8ac2.dir/link.txt --verbose=1
/usr/bin/cc -g -O2 -fdebug-prefix-map=/home/uwarl/UWARL_catkin_ws/src/robotnik_msgs=. -fstack-protector-strong -Wformat -Werror=format-security -Wdate-time -D_FORTIFY_SOURCE=2     -rdynamic CMakeFiles/cmTC_a8ac2.dir/CheckSymbolExists.c.o  -o cmTC_a8ac2 
CMakeFiles/cmTC_a8ac2.dir/CheckSymbolExists.c.o: In function `main':
./.obj-x86_64-linux-gnu/CMakeFiles/CMakeTmp/./.obj-x86_64-linux-gnu/CMakeFiles/CMakeTmp/CheckSymbolExists.c:8: undefined reference to `pthread_create'
collect2: error: ld returned 1 exit status
CMakeFiles/cmTC_a8ac2.dir/build.make:97: recipe for target 'cmTC_a8ac2' failed
make[3]: *** [cmTC_a8ac2] Error 1
make[3]: Leaving directory '/home/uwarl/UWARL_catkin_ws/src/robotnik_msgs/.obj-x86_64-linux-gnu/CMakeFiles/CMakeTmp'
Makefile:126: recipe for target 'cmTC_a8ac2/fast' failed
make[2]: *** [cmTC_a8ac2/fast] Error 2
make[2]: Leaving directory '/home/uwarl/UWARL_catkin_ws/src/robotnik_msgs/.obj-x86_64-linux-gnu/CMakeFiles/CMakeTmp'

File /home/uwarl/UWARL_catkin_ws/src/robotnik_msgs/.obj-x86_64-linux-gnu/CMakeFiles/CMakeTmp/CheckSymbolExists.c:
/* */
#include <pthread.h>

int main(int argc, char** argv)
{
  (void)argv;
#ifndef pthread_create
  return ((int*)(&pthread_create))[argc];
#else
  (void)argc;
  return 0;
#endif
}

Determining if the function pthread_create exists in the pthreads failed with the following output:
Change Dir: /home/uwarl/UWARL_catkin_ws/src/robotnik_msgs/.obj-x86_64-linux-gnu/CMakeFiles/CMakeTmp

Run Build Command:"/usr/bin/make" "cmTC_c3b08/fast"
make[2]: Entering directory '/home/uwarl/UWARL_catkin_ws/src/robotnik_msgs/.obj-x86_64-linux-gnu/CMakeFiles/CMakeTmp'
/usr/bin/make -f CMakeFiles/cmTC_c3b08.dir/build.make CMakeFiles/cmTC_c3b08.dir/build
make[3]: Entering directory '/home/uwarl/UWARL_catkin_ws/src/robotnik_msgs/.obj-x86_64-linux-gnu/CMakeFiles/CMakeTmp'
Building C object CMakeFiles/cmTC_c3b08.dir/CheckFunctionExists.c.o
/usr/bin/cc   -g -O2 -fdebug-prefix-map=/home/uwarl/UWARL_catkin_ws/src/robotnik_msgs=. -fstack-protector-strong -Wformat -Werror=format-security -Wdate-time -D_FORTIFY_SOURCE=2 -DCHECK_FUNCTION_EXISTS=pthread_create   -o CMakeFiles/cmTC_c3b08.dir/CheckFunctionExists.c.o   -c /usr/share/cmake-3.10/Modules/CheckFunctionExists.c
Linking C executable cmTC_c3b08
/usr/bin/cmake -E cmake_link_script CMakeFiles/cmTC_c3b08.dir/link.txt --verbose=1
/usr/bin/cc -g -O2 -fdebug-prefix-map=/home/uwarl/UWARL_catkin_ws/src/robotnik_msgs=. -fstack-protector-strong -Wformat -Werror=format-security -Wdate-time -D_FORTIFY_SOURCE=2 -DCHECK_FUNCTION_EXISTS=pthread_create    -rdynamic CMakeFiles/cmTC_c3b08.dir/CheckFunctionExists.c.o  -o cmTC_c3b08 -lpthreads 
/usr/bin/ld: cannot find -lpthreads
collect2: error: ld returned 1 exit status
CMakeFiles/cmTC_c3b08.dir/build.make:97: recipe for target 'cmTC_c3b08' failed
make[3]: *** [cmTC_c3b08] Error 1
make[3]: Leaving directory '/home/uwarl/UWARL_catkin_ws/src/robotnik_msgs/.obj-x86_64-linux-gnu/CMakeFiles/CMakeTmp'
Makefile:126: recipe for target 'cmTC_c3b08/fast' failed
make[2]: *** [cmTC_c3b08/fast] Error 2
make[2]: Leaving directory '/home/uwarl/UWARL_catkin_ws/src/robotnik_msgs/.obj-x86_64-linux-gnu/CMakeFiles/CMakeTmp'


